2025-04-25 23:54:16 [background-preinit] INFO  o.h.validator.internal.util.Version - HV000001: Hibernate Validator 8.0.2.Final
2025-04-25 23:54:16 [main] INFO  com.example.demo.DemoApplication - Starting DemoApplication using Java 23.0.2 with PID 5656 (C:\D in C\IntelliJ\IntelliJ projects\demo\target\classes started by nikit in C:\D in C\IntelliJ\IntelliJ projects\demo)
2025-04-25 23:54:16 [main] INFO  com.example.demo.DemoApplication - No active profile set, falling back to 1 default profile: "default"
2025-04-25 23:54:17 [main] INFO  o.s.d.r.c.RepositoryConfigurationDelegate - Bootstrapping Spring Data JPA repositories in DEFAULT mode.
2025-04-25 23:54:17 [main] INFO  o.s.d.r.c.RepositoryConfigurationDelegate - Finished Spring Data repository scanning in 71 ms. Found 3 JPA repository interfaces.
2025-04-25 23:54:18 [main] INFO  o.s.b.w.e.tomcat.TomcatWebServer - Tomcat initialized with port 8080 (http)
2025-04-25 23:54:18 [main] INFO  o.a.coyote.http11.Http11NioProtocol - Initializing ProtocolHandler ["http-nio-8080"]
2025-04-25 23:54:18 [main] INFO  o.a.catalina.core.StandardService - Starting service [Tomcat]
2025-04-25 23:54:18 [main] INFO  o.a.catalina.core.StandardEngine - Starting Servlet engine: [Apache Tomcat/10.1.34]
2025-04-25 23:54:19 [main] INFO  o.a.c.c.C.[Tomcat].[localhost].[/] - Initializing Spring embedded WebApplicationContext
2025-04-25 23:54:19 [main] INFO  o.s.b.w.s.c.ServletWebServerApplicationContext - Root WebApplicationContext: initialization completed in 2329 ms
2025-04-25 23:54:19 [main] INFO  o.h.jpa.internal.util.LogHelper - HHH000204: Processing PersistenceUnitInfo [name: default]
2025-04-25 23:54:19 [main] INFO  org.hibernate.Version - HHH000412: Hibernate ORM core version 6.6.5.Final
2025-04-25 23:54:19 [main] INFO  o.h.c.i.RegionFactoryInitiator - HHH000026: Second-level cache disabled
2025-04-25 23:54:19 [main] INFO  o.s.o.j.p.SpringPersistenceUnitInfo - No LoadTimeWeaver setup: ignoring JPA class transformer
2025-04-25 23:54:20 [main] INFO  com.zaxxer.hikari.HikariDataSource - HikariPool-1 - Starting...
2025-04-25 23:54:20 [main] INFO  com.zaxxer.hikari.pool.HikariPool - HikariPool-1 - Added connection org.postgresql.jdbc.PgConnection@1e8bccfb
2025-04-25 23:54:20 [main] INFO  com.zaxxer.hikari.HikariDataSource - HikariPool-1 - Start completed.
2025-04-25 23:54:20 [main] INFO  o.hibernate.orm.connections.pooling - HHH10001005: Database info:
	Database JDBC URL [Connecting through datasource 'HikariDataSource (HikariPool-1)']
	Database driver: undefined/unknown
	Database version: 17.4
	Autocommit mode: undefined/unknown
	Isolation level: undefined/unknown
	Minimum pool size: undefined/unknown
	Maximum pool size: undefined/unknown
2025-04-25 23:54:21 [main] INFO  o.h.e.t.j.p.i.JtaPlatformInitiator - HHH000489: No JTA platform available (set 'hibernate.transaction.jta.platform' to enable JTA platform integration)
2025-04-25 23:54:22 [main] INFO  o.s.o.j.LocalContainerEntityManagerFactoryBean - Initialized JPA EntityManagerFactory for persistence unit 'default'
2025-04-25 23:54:22 [main] INFO  o.s.d.j.r.query.QueryEnhancerFactory - Hibernate is in classpath; If applicable, HQL parser will be used.
2025-04-25 23:54:23 [main] WARN  o.s.b.a.o.j.JpaBaseConfiguration$JpaWebConfiguration - spring.jpa.open-in-view is enabled by default. Therefore, database queries may be performed during view rendering. Explicitly configure spring.jpa.open-in-view to disable this warning
2025-04-25 23:54:24 [main] INFO  o.a.coyote.http11.Http11NioProtocol - Starting ProtocolHandler ["http-nio-8080"]
2025-04-25 23:54:24 [main] INFO  o.s.b.w.e.tomcat.TomcatWebServer - Tomcat started on port 8080 (http) with context path '/'
2025-04-25 23:54:24 [main] INFO  com.example.demo.DemoApplication - Started DemoApplication in 9.089 seconds (process running for 10.089)
2025-04-25 23:54:28 [http-nio-8080-exec-3] INFO  o.a.c.c.C.[Tomcat].[localhost].[/] - Initializing Spring DispatcherServlet 'dispatcherServlet'
2025-04-25 23:54:28 [http-nio-8080-exec-3] INFO  o.s.web.servlet.DispatcherServlet - Initializing Servlet 'dispatcherServlet'
2025-04-25 23:54:28 [http-nio-8080-exec-3] INFO  o.s.web.servlet.DispatcherServlet - Completed initialization in 2 ms
2025-04-25 23:54:28 [http-nio-8080-exec-3] WARN  o.s.w.s.m.s.DefaultHandlerExceptionResolver - Resolved [org.springframework.web.HttpMediaTypeNotSupportedException: Content-Type 'text/plain;charset=UTF-8' is not supported]
2025-04-25 23:55:14 [http-nio-8080-exec-2] INFO  c.example.demo.logging.LoggingAspect - ==> LogController.createLog() вызван с аргументами: [LogCreateRequest[content=This is test log content
Line 2
Line 3]]
2025-04-25 23:55:14 [http-nio-8080-exec-2] INFO  c.example.demo.logging.LoggingAspect - <== LogController.createLog() успешно выполнен. Результат: java.util.concurrent.CompletableFuture@419124a[Not completed]
2025-04-25 23:55:58 [http-nio-8080-exec-4] INFO  c.example.demo.logging.LoggingAspect - ==> LogController.createLog() вызван с аргументами: [LogCreateRequest[content=This is test log content
Line 2
Line 3]]
2025-04-25 23:55:58 [http-nio-8080-exec-4] INFO  c.example.demo.logging.LoggingAspect - <== LogController.createLog() успешно выполнен. Результат: java.util.concurrent.CompletableFuture@70180cd9[Not completed]
2025-04-25 23:56:07 [http-nio-8080-exec-7] INFO  c.example.demo.logging.LoggingAspect - ==> LogController.getLogStatus() вызван с аргументами: [481da0e0-d904-458e-9628-e34245276bf5]
2025-04-25 23:56:07 [http-nio-8080-exec-7] INFO  c.example.demo.logging.LoggingAspect - <== LogController.getLogStatus() успешно выполнен. Результат: <200 OK OK,LogStatusResponse[status=READY, filename=log_481da0e0-d904-458e-9628-e34245276bf5.txt],[]>
2025-04-25 23:56:31 [SpringApplicationShutdownHook] INFO  o.s.b.w.e.tomcat.GracefulShutdown - Commencing graceful shutdown. Waiting for active requests to complete
2025-04-25 23:56:31 [tomcat-shutdown] INFO  o.s.b.w.e.tomcat.GracefulShutdown - Graceful shutdown complete
2025-04-25 23:56:31 [SpringApplicationShutdownHook] INFO  o.s.o.j.LocalContainerEntityManagerFactoryBean - Closing JPA EntityManagerFactory for persistence unit 'default'
2025-04-25 23:56:31 [SpringApplicationShutdownHook] INFO  com.zaxxer.hikari.HikariDataSource - HikariPool-1 - Shutdown initiated...
2025-04-25 23:56:31 [SpringApplicationShutdownHook] INFO  com.zaxxer.hikari.HikariDataSource - HikariPool-1 - Shutdown completed.
2025-04-25 23:56:42 [background-preinit] INFO  o.h.validator.internal.util.Version - HV000001: Hibernate Validator 8.0.2.Final
2025-04-25 23:56:42 [main] INFO  com.example.demo.DemoApplication - Starting DemoApplication using Java 23.0.2 with PID 14224 (C:\D in C\IntelliJ\IntelliJ projects\demo\target\classes started by nikit in C:\D in C\IntelliJ\IntelliJ projects\demo)
2025-04-25 23:56:42 [main] INFO  com.example.demo.DemoApplication - No active profile set, falling back to 1 default profile: "default"
2025-04-25 23:56:43 [main] INFO  o.s.d.r.c.RepositoryConfigurationDelegate - Bootstrapping Spring Data JPA repositories in DEFAULT mode.
2025-04-25 23:56:44 [main] INFO  o.s.d.r.c.RepositoryConfigurationDelegate - Finished Spring Data repository scanning in 93 ms. Found 3 JPA repository interfaces.
2025-04-25 23:56:45 [main] INFO  o.s.b.w.e.tomcat.TomcatWebServer - Tomcat initialized with port 8080 (http)
2025-04-25 23:56:45 [main] INFO  o.a.coyote.http11.Http11NioProtocol - Initializing ProtocolHandler ["http-nio-8080"]
2025-04-25 23:56:45 [main] INFO  o.a.catalina.core.StandardService - Starting service [Tomcat]
2025-04-25 23:56:45 [main] INFO  o.a.catalina.core.StandardEngine - Starting Servlet engine: [Apache Tomcat/10.1.34]
2025-04-25 23:56:45 [main] INFO  o.a.c.c.C.[Tomcat].[localhost].[/] - Initializing Spring embedded WebApplicationContext
2025-04-25 23:56:45 [main] INFO  o.s.b.w.s.c.ServletWebServerApplicationContext - Root WebApplicationContext: initialization completed in 2474 ms
2025-04-25 23:56:45 [main] INFO  o.h.jpa.internal.util.LogHelper - HHH000204: Processing PersistenceUnitInfo [name: default]
2025-04-25 23:56:45 [main] INFO  org.hibernate.Version - HHH000412: Hibernate ORM core version 6.6.5.Final
2025-04-25 23:56:45 [main] INFO  o.h.c.i.RegionFactoryInitiator - HHH000026: Second-level cache disabled
2025-04-25 23:56:46 [main] INFO  o.s.o.j.p.SpringPersistenceUnitInfo - No LoadTimeWeaver setup: ignoring JPA class transformer
2025-04-25 23:56:46 [main] INFO  com.zaxxer.hikari.HikariDataSource - HikariPool-1 - Starting...
2025-04-25 23:56:46 [main] INFO  com.zaxxer.hikari.pool.HikariPool - HikariPool-1 - Added connection org.postgresql.jdbc.PgConnection@3e6acec2
2025-04-25 23:56:46 [main] INFO  com.zaxxer.hikari.HikariDataSource - HikariPool-1 - Start completed.
2025-04-25 23:56:46 [main] INFO  o.hibernate.orm.connections.pooling - HHH10001005: Database info:
	Database JDBC URL [Connecting through datasource 'HikariDataSource (HikariPool-1)']
	Database driver: undefined/unknown
	Database version: 17.4
	Autocommit mode: undefined/unknown
	Isolation level: undefined/unknown
	Minimum pool size: undefined/unknown
	Maximum pool size: undefined/unknown
2025-04-25 23:56:47 [main] INFO  o.h.e.t.j.p.i.JtaPlatformInitiator - HHH000489: No JTA platform available (set 'hibernate.transaction.jta.platform' to enable JTA platform integration)
2025-04-25 23:56:48 [main] INFO  o.s.o.j.LocalContainerEntityManagerFactoryBean - Initialized JPA EntityManagerFactory for persistence unit 'default'
2025-04-25 23:56:48 [main] INFO  o.s.d.j.r.query.QueryEnhancerFactory - Hibernate is in classpath; If applicable, HQL parser will be used.
2025-04-25 23:56:50 [main] WARN  o.s.b.a.o.j.JpaBaseConfiguration$JpaWebConfiguration - spring.jpa.open-in-view is enabled by default. Therefore, database queries may be performed during view rendering. Explicitly configure spring.jpa.open-in-view to disable this warning
2025-04-25 23:56:51 [main] WARN  o.s.b.w.s.c.AnnotationConfigServletWebServerApplicationContext - Exception encountered during context initialization - cancelling refresh attempt: org.springframework.beans.factory.BeanCreationException: Error creating bean with name 'handlerExceptionResolver' defined in class path resource [org/springframework/boot/autoconfigure/web/servlet/WebMvcAutoConfiguration$EnableWebMvcConfiguration.class]: Failed to instantiate [org.springframework.web.servlet.HandlerExceptionResolver]: Factory method 'handlerExceptionResolver' threw exception with message: Ambiguous @ExceptionHandler method mapped for [ExceptionHandler{exceptionType=com.example.demo.exception.ResourceNotFoundException, mediaType=*/*}]: {public org.springframework.http.ResponseEntity com.example.demo.exception.GlobalExceptionHandler.handleNotFound(com.example.demo.exception.ResourceNotFoundException), public org.springframework.http.ResponseEntity com.example.demo.exception.GlobalExceptionHandler.handleResourceNotFoundException(com.example.demo.exception.ResourceNotFoundException,org.springframework.web.context.request.WebRequest)}
2025-04-25 23:56:51 [main] INFO  o.s.o.j.LocalContainerEntityManagerFactoryBean - Closing JPA EntityManagerFactory for persistence unit 'default'
2025-04-25 23:56:51 [main] INFO  com.zaxxer.hikari.HikariDataSource - HikariPool-1 - Shutdown initiated...
2025-04-25 23:56:51 [main] INFO  com.zaxxer.hikari.HikariDataSource - HikariPool-1 - Shutdown completed.
2025-04-25 23:56:51 [main] INFO  o.a.catalina.core.StandardService - Stopping service [Tomcat]
2025-04-25 23:56:51 [main] INFO  o.s.b.a.l.ConditionEvaluationReportLogger - 

Error starting ApplicationContext. To display the condition evaluation report re-run your application with 'debug' enabled.
2025-04-25 23:56:51 [main] ERROR o.s.boot.SpringApplication - Application run failed
org.springframework.beans.factory.BeanCreationException: Error creating bean with name 'handlerExceptionResolver' defined in class path resource [org/springframework/boot/autoconfigure/web/servlet/WebMvcAutoConfiguration$EnableWebMvcConfiguration.class]: Failed to instantiate [org.springframework.web.servlet.HandlerExceptionResolver]: Factory method 'handlerExceptionResolver' threw exception with message: Ambiguous @ExceptionHandler method mapped for [ExceptionHandler{exceptionType=com.example.demo.exception.ResourceNotFoundException, mediaType=*/*}]: {public org.springframework.http.ResponseEntity com.example.demo.exception.GlobalExceptionHandler.handleNotFound(com.example.demo.exception.ResourceNotFoundException), public org.springframework.http.ResponseEntity com.example.demo.exception.GlobalExceptionHandler.handleResourceNotFoundException(com.example.demo.exception.ResourceNotFoundException,org.springframework.web.context.request.WebRequest)}
	at org.springframework.beans.factory.support.ConstructorResolver.instantiate(ConstructorResolver.java:657)
	at org.springframework.beans.factory.support.ConstructorResolver.instantiateUsingFactoryMethod(ConstructorResolver.java:645)
	at org.springframework.beans.factory.support.AbstractAutowireCapableBeanFactory.instantiateUsingFactoryMethod(AbstractAutowireCapableBeanFactory.java:1361)
	at org.springframework.beans.factory.support.AbstractAutowireCapableBeanFactory.createBeanInstance(AbstractAutowireCapableBeanFactory.java:1191)
	at org.springframework.beans.factory.support.AbstractAutowireCapableBeanFactory.doCreateBean(AbstractAutowireCapableBeanFactory.java:563)
	at org.springframework.beans.factory.support.AbstractAutowireCapableBeanFactory.createBean(AbstractAutowireCapableBeanFactory.java:523)
	at org.springframework.beans.factory.support.AbstractBeanFactory.lambda$doGetBean$0(AbstractBeanFactory.java:336)
	at org.springframework.beans.factory.support.DefaultSingletonBeanRegistry.getSingleton(DefaultSingletonBeanRegistry.java:307)
	at org.springframework.beans.factory.support.AbstractBeanFactory.doGetBean(AbstractBeanFactory.java:334)
	at org.springframework.beans.factory.support.AbstractBeanFactory.getBean(AbstractBeanFactory.java:199)
	at org.springframework.beans.factory.support.DefaultListableBeanFactory.instantiateSingleton(DefaultListableBeanFactory.java:1122)
	at org.springframework.beans.factory.support.DefaultListableBeanFactory.preInstantiateSingleton(DefaultListableBeanFactory.java:1093)
	at org.springframework.beans.factory.support.DefaultListableBeanFactory.preInstantiateSingletons(DefaultListableBeanFactory.java:1030)
	at org.springframework.context.support.AbstractApplicationContext.finishBeanFactoryInitialization(AbstractApplicationContext.java:987)
	at org.springframework.context.support.AbstractApplicationContext.refresh(AbstractApplicationContext.java:627)
	at org.springframework.boot.web.servlet.context.ServletWebServerApplicationContext.refresh(ServletWebServerApplicationContext.java:146)
	at org.springframework.boot.SpringApplication.refresh(SpringApplication.java:752)
	at org.springframework.boot.SpringApplication.refreshContext(SpringApplication.java:439)
	at org.springframework.boot.SpringApplication.run(SpringApplication.java:318)
	at org.springframework.boot.SpringApplication.run(SpringApplication.java:1361)
	at org.springframework.boot.SpringApplication.run(SpringApplication.java:1350)
	at com.example.demo.DemoApplication.main(DemoApplication.java:12)
Caused by: org.springframework.beans.BeanInstantiationException: Failed to instantiate [org.springframework.web.servlet.HandlerExceptionResolver]: Factory method 'handlerExceptionResolver' threw exception with message: Ambiguous @ExceptionHandler method mapped for [ExceptionHandler{exceptionType=com.example.demo.exception.ResourceNotFoundException, mediaType=*/*}]: {public org.springframework.http.ResponseEntity com.example.demo.exception.GlobalExceptionHandler.handleNotFound(com.example.demo.exception.ResourceNotFoundException), public org.springframework.http.ResponseEntity com.example.demo.exception.GlobalExceptionHandler.handleResourceNotFoundException(com.example.demo.exception.ResourceNotFoundException,org.springframework.web.context.request.WebRequest)}
	at org.springframework.beans.factory.support.SimpleInstantiationStrategy.lambda$instantiate$0(SimpleInstantiationStrategy.java:199)
	at org.springframework.beans.factory.support.SimpleInstantiationStrategy.instantiateWithFactoryMethod(SimpleInstantiationStrategy.java:88)
	at org.springframework.beans.factory.support.SimpleInstantiationStrategy.instantiate(SimpleInstantiationStrategy.java:168)
	at org.springframework.beans.factory.support.ConstructorResolver.instantiate(ConstructorResolver.java:653)
	... 21 common frames omitted
Caused by: java.lang.IllegalStateException: Ambiguous @ExceptionHandler method mapped for [ExceptionHandler{exceptionType=com.example.demo.exception.ResourceNotFoundException, mediaType=*/*}]: {public org.springframework.http.ResponseEntity com.example.demo.exception.GlobalExceptionHandler.handleNotFound(com.example.demo.exception.ResourceNotFoundException), public org.springframework.http.ResponseEntity com.example.demo.exception.GlobalExceptionHandler.handleResourceNotFoundException(com.example.demo.exception.ResourceNotFoundException,org.springframework.web.context.request.WebRequest)}
	at org.springframework.web.method.annotation.ExceptionHandlerMethodResolver.addExceptionMapping(ExceptionHandlerMethodResolver.java:146)
	at org.springframework.web.method.annotation.ExceptionHandlerMethodResolver.<init>(ExceptionHandlerMethodResolver.java:99)
	at org.springframework.web.servlet.mvc.method.annotation.ExceptionHandlerExceptionResolver.initExceptionHandlerAdviceCache(ExceptionHandlerExceptionResolver.java:320)
	at org.springframework.web.servlet.mvc.method.annotation.ExceptionHandlerExceptionResolver.afterPropertiesSet(ExceptionHandlerExceptionResolver.java:287)
	at org.springframework.web.servlet.config.annotation.WebMvcConfigurationSupport.addDefaultHandlerExceptionResolvers(WebMvcConfigurationSupport.java:1084)
	at org.springframework.web.servlet.config.annotation.WebMvcConfigurationSupport.handlerExceptionResolver(WebMvcConfigurationSupport.java:1025)
	at java.base/jdk.internal.reflect.DirectMethodHandleAccessor.invoke(DirectMethodHandleAccessor.java:103)
	at java.base/java.lang.reflect.Method.invoke(Method.java:580)
	at org.springframework.beans.factory.support.SimpleInstantiationStrategy.lambda$instantiate$0(SimpleInstantiationStrategy.java:171)
	... 24 common frames omitted
2025-04-25 23:57:40 [background-preinit] INFO  o.h.validator.internal.util.Version - HV000001: Hibernate Validator 8.0.2.Final
2025-04-25 23:57:40 [main] INFO  com.example.demo.DemoApplication - Starting DemoApplication using Java 23.0.2 with PID 12608 (C:\D in C\IntelliJ\IntelliJ projects\demo\target\classes started by nikit in C:\D in C\IntelliJ\IntelliJ projects\demo)
2025-04-25 23:57:40 [main] INFO  com.example.demo.DemoApplication - No active profile set, falling back to 1 default profile: "default"
2025-04-25 23:57:41 [main] INFO  o.s.d.r.c.RepositoryConfigurationDelegate - Bootstrapping Spring Data JPA repositories in DEFAULT mode.
2025-04-25 23:57:41 [main] INFO  o.s.d.r.c.RepositoryConfigurationDelegate - Finished Spring Data repository scanning in 63 ms. Found 3 JPA repository interfaces.
2025-04-25 23:57:42 [main] INFO  o.s.b.w.e.tomcat.TomcatWebServer - Tomcat initialized with port 8080 (http)
2025-04-25 23:57:42 [main] INFO  o.a.coyote.http11.Http11NioProtocol - Initializing ProtocolHandler ["http-nio-8080"]
2025-04-25 23:57:42 [main] INFO  o.a.catalina.core.StandardService - Starting service [Tomcat]
2025-04-25 23:57:42 [main] INFO  o.a.catalina.core.StandardEngine - Starting Servlet engine: [Apache Tomcat/10.1.34]
2025-04-25 23:57:42 [main] INFO  o.a.c.c.C.[Tomcat].[localhost].[/] - Initializing Spring embedded WebApplicationContext
2025-04-25 23:57:42 [main] INFO  o.s.b.w.s.c.ServletWebServerApplicationContext - Root WebApplicationContext: initialization completed in 2058 ms
2025-04-25 23:57:42 [main] INFO  o.h.jpa.internal.util.LogHelper - HHH000204: Processing PersistenceUnitInfo [name: default]
2025-04-25 23:57:42 [main] INFO  org.hibernate.Version - HHH000412: Hibernate ORM core version 6.6.5.Final
2025-04-25 23:57:42 [main] INFO  o.h.c.i.RegionFactoryInitiator - HHH000026: Second-level cache disabled
2025-04-25 23:57:42 [main] INFO  o.s.o.j.p.SpringPersistenceUnitInfo - No LoadTimeWeaver setup: ignoring JPA class transformer
2025-04-25 23:57:42 [main] INFO  com.zaxxer.hikari.HikariDataSource - HikariPool-1 - Starting...
2025-04-25 23:57:43 [main] INFO  com.zaxxer.hikari.pool.HikariPool - HikariPool-1 - Added connection org.postgresql.jdbc.PgConnection@cf08c97
2025-04-25 23:57:43 [main] INFO  com.zaxxer.hikari.HikariDataSource - HikariPool-1 - Start completed.
2025-04-25 23:57:43 [main] INFO  o.hibernate.orm.connections.pooling - HHH10001005: Database info:
	Database JDBC URL [Connecting through datasource 'HikariDataSource (HikariPool-1)']
	Database driver: undefined/unknown
	Database version: 17.4
	Autocommit mode: undefined/unknown
	Isolation level: undefined/unknown
	Minimum pool size: undefined/unknown
	Maximum pool size: undefined/unknown
2025-04-25 23:57:44 [main] INFO  o.h.e.t.j.p.i.JtaPlatformInitiator - HHH000489: No JTA platform available (set 'hibernate.transaction.jta.platform' to enable JTA platform integration)
2025-04-25 23:57:44 [main] INFO  o.s.o.j.LocalContainerEntityManagerFactoryBean - Initialized JPA EntityManagerFactory for persistence unit 'default'
2025-04-25 23:57:45 [main] INFO  o.s.d.j.r.query.QueryEnhancerFactory - Hibernate is in classpath; If applicable, HQL parser will be used.
2025-04-25 23:57:46 [main] WARN  o.s.b.a.o.j.JpaBaseConfiguration$JpaWebConfiguration - spring.jpa.open-in-view is enabled by default. Therefore, database queries may be performed during view rendering. Explicitly configure spring.jpa.open-in-view to disable this warning
2025-04-25 23:57:46 [main] INFO  o.a.coyote.http11.Http11NioProtocol - Starting ProtocolHandler ["http-nio-8080"]
2025-04-25 23:57:46 [main] INFO  o.s.b.w.e.tomcat.TomcatWebServer - Tomcat started on port 8080 (http) with context path '/'
2025-04-25 23:57:46 [main] INFO  com.example.demo.DemoApplication - Started DemoApplication in 7.531 seconds (process running for 8.484)
2025-04-25 23:57:52 [http-nio-8080-exec-1] INFO  o.a.c.c.C.[Tomcat].[localhost].[/] - Initializing Spring DispatcherServlet 'dispatcherServlet'
2025-04-25 23:57:52 [http-nio-8080-exec-1] INFO  o.s.web.servlet.DispatcherServlet - Initializing Servlet 'dispatcherServlet'
2025-04-25 23:57:52 [http-nio-8080-exec-1] INFO  o.s.web.servlet.DispatcherServlet - Completed initialization in 5 ms
2025-04-25 23:57:52 [http-nio-8080-exec-1] INFO  c.example.demo.logging.LoggingAspect - ==> LogController.createLog() вызван с аргументами: [LogCreateRequest[content=This is test log content
Line 2
Line 3]]
2025-04-25 23:57:52 [http-nio-8080-exec-1] INFO  c.example.demo.logging.LoggingAspect - <== LogController.createLog() успешно выполнен. Результат: java.util.concurrent.CompletableFuture@70eaeae1[Not completed]
2025-04-25 23:58:03 [http-nio-8080-exec-3] INFO  c.example.demo.logging.LoggingAspect - ==> LogController.getLogStatus() вызван с аргументами: [0132e77e-a85c-4769-83e8-c92528106bdf]
2025-04-25 23:58:03 [http-nio-8080-exec-3] INFO  c.example.demo.logging.LoggingAspect - <== LogController.getLogStatus() успешно выполнен. Результат: <200 OK OK,LogStatusResponse[status=READY, filename=log_0132e77e-a85c-4769-83e8-c92528106bdf.txt],[]>
2025-04-25 23:58:05 [http-nio-8080-exec-4] INFO  c.example.demo.logging.LoggingAspect - ==> LogController.getLogStatus() вызван с аргументами: [0132e77e-a85c-4769-83e8-c92528106bdf]
2025-04-25 23:58:05 [http-nio-8080-exec-4] INFO  c.example.demo.logging.LoggingAspect - <== LogController.getLogStatus() успешно выполнен. Результат: <200 OK OK,LogStatusResponse[status=READY, filename=log_0132e77e-a85c-4769-83e8-c92528106bdf.txt],[]>
2025-04-25 23:58:12 [http-nio-8080-exec-5] INFO  c.example.demo.logging.LoggingAspect - ==> LogController.downloadLogFileAsync() вызван с аргументами: [0132e77e-a85c-4769-83e8-c92528106bdf]
2025-04-25 23:58:12 [http-nio-8080-exec-5] INFO  c.example.demo.logging.LoggingAspect - <== LogController.downloadLogFileAsync() успешно выполнен. Результат: <200 OK OK,Byte array resource [resource loaded from byte array],[Content-Disposition:"attachment; filename="log_0132e77e-a85c-4769-83e8-c92528106bdf.txt"", Content-Type:"text/plain"]>
2025-04-25 23:58:29 [SpringApplicationShutdownHook] INFO  o.s.b.w.e.tomcat.GracefulShutdown - Commencing graceful shutdown. Waiting for active requests to complete
2025-04-25 23:58:29 [tomcat-shutdown] INFO  o.s.b.w.e.tomcat.GracefulShutdown - Graceful shutdown complete
2025-04-25 23:58:29 [SpringApplicationShutdownHook] INFO  o.s.o.j.LocalContainerEntityManagerFactoryBean - Closing JPA EntityManagerFactory for persistence unit 'default'
2025-04-25 23:58:29 [SpringApplicationShutdownHook] INFO  com.zaxxer.hikari.HikariDataSource - HikariPool-1 - Shutdown initiated...
2025-04-25 23:58:29 [SpringApplicationShutdownHook] INFO  com.zaxxer.hikari.HikariDataSource - HikariPool-1 - Shutdown completed.
2025-04-25 23:58:38 [background-preinit] INFO  o.h.validator.internal.util.Version - HV000001: Hibernate Validator 8.0.2.Final
2025-04-25 23:58:38 [main] INFO  com.example.demo.DemoApplication - Starting DemoApplication using Java 23.0.2 with PID 8932 (C:\D in C\IntelliJ\IntelliJ projects\demo\target\classes started by nikit in C:\D in C\IntelliJ\IntelliJ projects\demo)
2025-04-25 23:58:38 [main] INFO  com.example.demo.DemoApplication - No active profile set, falling back to 1 default profile: "default"
2025-04-25 23:58:39 [main] INFO  o.s.d.r.c.RepositoryConfigurationDelegate - Bootstrapping Spring Data JPA repositories in DEFAULT mode.
2025-04-25 23:58:39 [main] INFO  o.s.d.r.c.RepositoryConfigurationDelegate - Finished Spring Data repository scanning in 72 ms. Found 3 JPA repository interfaces.
2025-04-25 23:58:40 [main] INFO  o.s.b.w.e.tomcat.TomcatWebServer - Tomcat initialized with port 8080 (http)
2025-04-25 23:58:40 [main] INFO  o.a.coyote.http11.Http11NioProtocol - Initializing ProtocolHandler ["http-nio-8080"]
2025-04-25 23:58:40 [main] INFO  o.a.catalina.core.StandardService - Starting service [Tomcat]
2025-04-25 23:58:40 [main] INFO  o.a.catalina.core.StandardEngine - Starting Servlet engine: [Apache Tomcat/10.1.34]
2025-04-25 23:58:40 [main] INFO  o.a.c.c.C.[Tomcat].[localhost].[/] - Initializing Spring embedded WebApplicationContext
2025-04-25 23:58:40 [main] INFO  o.s.b.w.s.c.ServletWebServerApplicationContext - Root WebApplicationContext: initialization completed in 2027 ms
2025-04-25 23:58:40 [main] INFO  o.h.jpa.internal.util.LogHelper - HHH000204: Processing PersistenceUnitInfo [name: default]
2025-04-25 23:58:40 [main] INFO  org.hibernate.Version - HHH000412: Hibernate ORM core version 6.6.5.Final
2025-04-25 23:58:40 [main] INFO  o.h.c.i.RegionFactoryInitiator - HHH000026: Second-level cache disabled
2025-04-25 23:58:41 [main] INFO  o.s.o.j.p.SpringPersistenceUnitInfo - No LoadTimeWeaver setup: ignoring JPA class transformer
2025-04-25 23:58:41 [main] INFO  com.zaxxer.hikari.HikariDataSource - HikariPool-1 - Starting...
2025-04-25 23:58:41 [main] INFO  com.zaxxer.hikari.pool.HikariPool - HikariPool-1 - Added connection org.postgresql.jdbc.PgConnection@11adab6d
2025-04-25 23:58:41 [main] INFO  com.zaxxer.hikari.HikariDataSource - HikariPool-1 - Start completed.
2025-04-25 23:58:41 [main] INFO  o.hibernate.orm.connections.pooling - HHH10001005: Database info:
	Database JDBC URL [Connecting through datasource 'HikariDataSource (HikariPool-1)']
	Database driver: undefined/unknown
	Database version: 17.4
	Autocommit mode: undefined/unknown
	Isolation level: undefined/unknown
	Minimum pool size: undefined/unknown
	Maximum pool size: undefined/unknown
2025-04-25 23:58:43 [main] INFO  o.h.e.t.j.p.i.JtaPlatformInitiator - HHH000489: No JTA platform available (set 'hibernate.transaction.jta.platform' to enable JTA platform integration)
2025-04-25 23:58:43 [main] INFO  o.s.o.j.LocalContainerEntityManagerFactoryBean - Initialized JPA EntityManagerFactory for persistence unit 'default'
2025-04-25 23:58:43 [main] INFO  o.s.d.j.r.query.QueryEnhancerFactory - Hibernate is in classpath; If applicable, HQL parser will be used.
2025-04-25 23:58:44 [main] WARN  o.s.b.a.o.j.JpaBaseConfiguration$JpaWebConfiguration - spring.jpa.open-in-view is enabled by default. Therefore, database queries may be performed during view rendering. Explicitly configure spring.jpa.open-in-view to disable this warning
2025-04-25 23:58:45 [main] INFO  o.a.coyote.http11.Http11NioProtocol - Starting ProtocolHandler ["http-nio-8080"]
2025-04-25 23:58:45 [main] INFO  o.s.b.w.e.tomcat.TomcatWebServer - Tomcat started on port 8080 (http) with context path '/'
2025-04-25 23:58:45 [main] INFO  com.example.demo.DemoApplication - Started DemoApplication in 8.144 seconds (process running for 8.911)
2025-04-25 23:58:48 [http-nio-8080-exec-1] INFO  o.a.c.c.C.[Tomcat].[localhost].[/] - Initializing Spring DispatcherServlet 'dispatcherServlet'
2025-04-25 23:58:48 [http-nio-8080-exec-1] INFO  o.s.web.servlet.DispatcherServlet - Initializing Servlet 'dispatcherServlet'
2025-04-25 23:58:48 [http-nio-8080-exec-1] INFO  o.s.web.servlet.DispatcherServlet - Completed initialization in 5 ms
2025-04-25 23:58:49 [http-nio-8080-exec-1] INFO  c.example.demo.logging.LoggingAspect - ==> LogController.createLog() вызван с аргументами: [LogCreateRequest[content=This is test log content
Line 2
Line 3]]
2025-04-25 23:58:49 [http-nio-8080-exec-1] INFO  c.example.demo.logging.LoggingAspect - <== LogController.createLog() успешно выполнен. Результат: java.util.concurrent.CompletableFuture@5d148410[Not completed]
2025-04-25 23:58:57 [http-nio-8080-exec-3] INFO  c.example.demo.logging.LoggingAspect - ==> LogController.getLogStatus() вызван с аргументами: [9e3071bd-5ffb-4091-84fd-c1602a20506f]
2025-04-25 23:58:57 [http-nio-8080-exec-3] INFO  c.example.demo.logging.LoggingAspect - <== LogController.getLogStatus() успешно выполнен. Результат: <200 OK OK,LogStatusResponse[status=PROCESSING, filename=log_9e3071bd-5ffb-4091-84fd-c1602a20506f.txt],[]>
2025-04-25 23:58:59 [http-nio-8080-exec-4] INFO  c.example.demo.logging.LoggingAspect - ==> LogController.getLogStatus() вызван с аргументами: [9e3071bd-5ffb-4091-84fd-c1602a20506f]
2025-04-25 23:58:59 [http-nio-8080-exec-4] INFO  c.example.demo.logging.LoggingAspect - <== LogController.getLogStatus() успешно выполнен. Результат: <200 OK OK,LogStatusResponse[status=PROCESSING, filename=log_9e3071bd-5ffb-4091-84fd-c1602a20506f.txt],[]>
2025-04-25 23:59:03 [http-nio-8080-exec-5] INFO  c.example.demo.logging.LoggingAspect - ==> LogController.getLogStatus() вызван с аргументами: [9e3071bd-5ffb-4091-84fd-c1602a20506f]
2025-04-25 23:59:03 [http-nio-8080-exec-5] INFO  c.example.demo.logging.LoggingAspect - <== LogController.getLogStatus() успешно выполнен. Результат: <200 OK OK,LogStatusResponse[status=PROCESSING, filename=log_9e3071bd-5ffb-4091-84fd-c1602a20506f.txt],[]>
2025-04-25 23:59:05 [http-nio-8080-exec-6] INFO  c.example.demo.logging.LoggingAspect - ==> LogController.getLogStatus() вызван с аргументами: [9e3071bd-5ffb-4091-84fd-c1602a20506f]
2025-04-25 23:59:05 [http-nio-8080-exec-6] INFO  c.example.demo.logging.LoggingAspect - <== LogController.getLogStatus() успешно выполнен. Результат: <200 OK OK,LogStatusResponse[status=PROCESSING, filename=log_9e3071bd-5ffb-4091-84fd-c1602a20506f.txt],[]>
2025-04-25 23:59:07 [http-nio-8080-exec-7] INFO  c.example.demo.logging.LoggingAspect - ==> LogController.getLogStatus() вызван с аргументами: [9e3071bd-5ffb-4091-84fd-c1602a20506f]
2025-04-25 23:59:07 [http-nio-8080-exec-7] INFO  c.example.demo.logging.LoggingAspect - <== LogController.getLogStatus() успешно выполнен. Результат: <200 OK OK,LogStatusResponse[status=PROCESSING, filename=log_9e3071bd-5ffb-4091-84fd-c1602a20506f.txt],[]>
2025-04-25 23:59:10 [http-nio-8080-exec-8] INFO  c.example.demo.logging.LoggingAspect - ==> LogController.getLogStatus() вызван с аргументами: [9e3071bd-5ffb-4091-84fd-c1602a20506f]
2025-04-25 23:59:10 [http-nio-8080-exec-8] INFO  c.example.demo.logging.LoggingAspect - <== LogController.getLogStatus() успешно выполнен. Результат: <200 OK OK,LogStatusResponse[status=PROCESSING, filename=log_9e3071bd-5ffb-4091-84fd-c1602a20506f.txt],[]>
2025-04-25 23:59:12 [http-nio-8080-exec-9] INFO  c.example.demo.logging.LoggingAspect - ==> LogController.getLogStatus() вызван с аргументами: [9e3071bd-5ffb-4091-84fd-c1602a20506f]
2025-04-25 23:59:12 [http-nio-8080-exec-9] INFO  c.example.demo.logging.LoggingAspect - <== LogController.getLogStatus() успешно выполнен. Результат: <200 OK OK,LogStatusResponse[status=PROCESSING, filename=log_9e3071bd-5ffb-4091-84fd-c1602a20506f.txt],[]>
2025-04-25 23:59:21 [http-nio-8080-exec-10] INFO  c.example.demo.logging.LoggingAspect - ==> LogController.getLogStatus() вызван с аргументами: [9e3071bd-5ffb-4091-84fd-c1602a20506f]
2025-04-25 23:59:21 [http-nio-8080-exec-10] INFO  c.example.demo.logging.LoggingAspect - <== LogController.getLogStatus() успешно выполнен. Результат: <200 OK OK,LogStatusResponse[status=PROCESSING, filename=log_9e3071bd-5ffb-4091-84fd-c1602a20506f.txt],[]>
2025-04-25 23:59:24 [SpringApplicationShutdownHook] INFO  o.s.b.w.e.tomcat.GracefulShutdown - Commencing graceful shutdown. Waiting for active requests to complete
2025-04-25 23:59:24 [tomcat-shutdown] INFO  o.s.b.w.e.tomcat.GracefulShutdown - Graceful shutdown complete
2025-04-25 23:59:24 [SpringApplicationShutdownHook] INFO  o.s.o.j.LocalContainerEntityManagerFactoryBean - Closing JPA EntityManagerFactory for persistence unit 'default'
2025-04-25 23:59:24 [SpringApplicationShutdownHook] INFO  com.zaxxer.hikari.HikariDataSource - HikariPool-1 - Shutdown initiated...
2025-04-25 23:59:24 [SpringApplicationShutdownHook] INFO  com.zaxxer.hikari.HikariDataSource - HikariPool-1 - Shutdown completed.
2025-04-25 23:59:42 [background-preinit] INFO  o.h.validator.internal.util.Version - HV000001: Hibernate Validator 8.0.2.Final
2025-04-25 23:59:42 [main] INFO  com.example.demo.DemoApplication - Starting DemoApplication using Java 23.0.2 with PID 13144 (C:\D in C\IntelliJ\IntelliJ projects\demo\target\classes started by nikit in C:\D in C\IntelliJ\IntelliJ projects\demo)
2025-04-25 23:59:42 [main] INFO  com.example.demo.DemoApplication - No active profile set, falling back to 1 default profile: "default"
2025-04-25 23:59:43 [main] INFO  o.s.d.r.c.RepositoryConfigurationDelegate - Bootstrapping Spring Data JPA repositories in DEFAULT mode.
2025-04-25 23:59:44 [main] INFO  o.s.d.r.c.RepositoryConfigurationDelegate - Finished Spring Data repository scanning in 78 ms. Found 3 JPA repository interfaces.
2025-04-25 23:59:44 [main] INFO  o.s.b.w.e.tomcat.TomcatWebServer - Tomcat initialized with port 8080 (http)
2025-04-25 23:59:44 [main] INFO  o.a.coyote.http11.Http11NioProtocol - Initializing ProtocolHandler ["http-nio-8080"]
2025-04-25 23:59:44 [main] INFO  o.a.catalina.core.StandardService - Starting service [Tomcat]
2025-04-25 23:59:44 [main] INFO  o.a.catalina.core.StandardEngine - Starting Servlet engine: [Apache Tomcat/10.1.34]
2025-04-25 23:59:45 [main] INFO  o.a.c.c.C.[Tomcat].[localhost].[/] - Initializing Spring embedded WebApplicationContext
2025-04-25 23:59:45 [main] INFO  o.s.b.w.s.c.ServletWebServerApplicationContext - Root WebApplicationContext: initialization completed in 2207 ms
2025-04-25 23:59:45 [main] INFO  o.h.jpa.internal.util.LogHelper - HHH000204: Processing PersistenceUnitInfo [name: default]
2025-04-25 23:59:45 [main] INFO  org.hibernate.Version - HHH000412: Hibernate ORM core version 6.6.5.Final
2025-04-25 23:59:45 [main] INFO  o.h.c.i.RegionFactoryInitiator - HHH000026: Second-level cache disabled
2025-04-25 23:59:45 [main] INFO  o.s.o.j.p.SpringPersistenceUnitInfo - No LoadTimeWeaver setup: ignoring JPA class transformer
2025-04-25 23:59:45 [main] INFO  com.zaxxer.hikari.HikariDataSource - HikariPool-1 - Starting...
2025-04-25 23:59:46 [main] INFO  com.zaxxer.hikari.pool.HikariPool - HikariPool-1 - Added connection org.postgresql.jdbc.PgConnection@32328dc4
2025-04-25 23:59:46 [main] INFO  com.zaxxer.hikari.HikariDataSource - HikariPool-1 - Start completed.
2025-04-25 23:59:46 [main] INFO  o.hibernate.orm.connections.pooling - HHH10001005: Database info:
	Database JDBC URL [Connecting through datasource 'HikariDataSource (HikariPool-1)']
	Database driver: undefined/unknown
	Database version: 17.4
	Autocommit mode: undefined/unknown
	Isolation level: undefined/unknown
	Minimum pool size: undefined/unknown
	Maximum pool size: undefined/unknown
2025-04-25 23:59:47 [main] INFO  o.h.e.t.j.p.i.JtaPlatformInitiator - HHH000489: No JTA platform available (set 'hibernate.transaction.jta.platform' to enable JTA platform integration)
2025-04-25 23:59:47 [main] INFO  o.s.o.j.LocalContainerEntityManagerFactoryBean - Initialized JPA EntityManagerFactory for persistence unit 'default'
2025-04-25 23:59:48 [main] INFO  o.s.d.j.r.query.QueryEnhancerFactory - Hibernate is in classpath; If applicable, HQL parser will be used.
2025-04-25 23:59:49 [main] WARN  o.s.b.a.o.j.JpaBaseConfiguration$JpaWebConfiguration - spring.jpa.open-in-view is enabled by default. Therefore, database queries may be performed during view rendering. Explicitly configure spring.jpa.open-in-view to disable this warning
2025-04-25 23:59:49 [main] INFO  o.a.coyote.http11.Http11NioProtocol - Starting ProtocolHandler ["http-nio-8080"]
2025-04-25 23:59:49 [main] INFO  o.s.b.w.e.tomcat.TomcatWebServer - Tomcat started on port 8080 (http) with context path '/'
2025-04-25 23:59:50 [main] INFO  com.example.demo.DemoApplication - Started DemoApplication in 7.898 seconds (process running for 8.806)
2025-04-25 23:59:53 [http-nio-8080-exec-1] INFO  o.a.c.c.C.[Tomcat].[localhost].[/] - Initializing Spring DispatcherServlet 'dispatcherServlet'
2025-04-25 23:59:53 [http-nio-8080-exec-1] INFO  o.s.web.servlet.DispatcherServlet - Initializing Servlet 'dispatcherServlet'
2025-04-25 23:59:53 [http-nio-8080-exec-1] INFO  o.s.web.servlet.DispatcherServlet - Completed initialization in 2 ms
2025-04-25 23:59:53 [http-nio-8080-exec-1] INFO  c.example.demo.logging.LoggingAspect - ==> LogController.createLog() вызван с аргументами: [LogCreateRequest[content=This is test log content
Line 2
Line 3]]
2025-04-25 23:59:53 [http-nio-8080-exec-1] INFO  c.example.demo.logging.LoggingAspect - <== LogController.createLog() успешно выполнен. Результат: java.util.concurrent.CompletableFuture@5e6b0082[Completed normally]
